<?xml version="1.0" encoding="UTF-8"?>
<robot generator="Robot 3.2.1 (Python 3.8.5 on win32)" generated="20200807 15:32:34.426" rpa="false">
<suite id="s1" name="TestSuite1" source="C:\RobotFramework\RobotWorkSpace\RobotProject1\test\TestSuite1.robot">
<kw name="Log" library="BuiltIn" type="setup">
<doc>Logs the given message with the given level.</doc>
<arguments>
<arg>I am inside test suite setup</arg>
</arguments>
<msg timestamp="20200807 15:32:34.706" level="INFO">I am inside test suite setup</msg>
<status status="PASS" starttime="20200807 15:32:34.706" endtime="20200807 15:32:34.706"></status>
</kw>
<test id="s1-t1" name="MyFirstTest">
<kw name="Log" library="BuiltIn" type="setup">
<doc>Logs the given message with the given level.</doc>
<arguments>
<arg>I am inside test setup</arg>
</arguments>
<msg timestamp="20200807 15:32:34.714" level="INFO">I am inside test setup</msg>
<status status="PASS" starttime="20200807 15:32:34.714" endtime="20200807 15:32:34.714"></status>
</kw>
<kw name="Log" library="BuiltIn">
<doc>Logs the given message with the given level.</doc>
<arguments>
<arg>Hello World</arg>
</arguments>
<msg timestamp="20200807 15:32:34.714" level="INFO">Hello World</msg>
<status status="PASS" starttime="20200807 15:32:34.714" endtime="20200807 15:32:34.714"></status>
</kw>
<kw name="Log" library="BuiltIn" type="teardown">
<doc>Logs the given message with the given level.</doc>
<arguments>
<arg>I am inside test teardown</arg>
</arguments>
<msg timestamp="20200807 15:32:34.714" level="INFO">I am inside test teardown</msg>
<status status="PASS" starttime="20200807 15:32:34.714" endtime="20200807 15:32:34.714"></status>
</kw>
<tags>
<tag>Smoke</tag>
</tags>
<status status="PASS" starttime="20200807 15:32:34.706" endtime="20200807 15:32:34.714" critical="yes"></status>
</test>
<test id="s1-t2" name="MySecondTest">
<kw name="Log" library="BuiltIn" type="setup">
<doc>Logs the given message with the given level.</doc>
<arguments>
<arg>I am inside test setup</arg>
</arguments>
<msg timestamp="20200807 15:32:34.714" level="INFO">I am inside test setup</msg>
<status status="PASS" starttime="20200807 15:32:34.714" endtime="20200807 15:32:34.714"></status>
</kw>
<kw name="Log" library="BuiltIn">
<doc>Logs the given message with the given level.</doc>
<arguments>
<arg>I am inside 2nd Test</arg>
</arguments>
<msg timestamp="20200807 15:32:34.714" level="INFO">I am inside 2nd Test</msg>
<status status="PASS" starttime="20200807 15:32:34.714" endtime="20200807 15:32:34.714"></status>
</kw>
<kw name="Set Tags" library="BuiltIn">
<doc>Adds given ``tags`` for the current test or all tests in a suite.</doc>
<arguments>
<arg>Regression1</arg>
</arguments>
<msg timestamp="20200807 15:32:34.722" level="INFO">Set tag 'Regression1'.</msg>
<status status="PASS" starttime="20200807 15:32:34.714" endtime="20200807 15:32:34.722"></status>
</kw>
<kw name="Remove Tags" library="BuiltIn">
<doc>Removes given ``tags`` from the current test or all tests in a suite.</doc>
<arguments>
<arg>Regression1</arg>
</arguments>
<msg timestamp="20200807 15:32:34.722" level="INFO">Removed tag 'Regression1'.</msg>
<status status="PASS" starttime="20200807 15:32:34.722" endtime="20200807 15:32:34.722"></status>
</kw>
<kw name="Log" library="BuiltIn" type="teardown">
<doc>Logs the given message with the given level.</doc>
<arguments>
<arg>I am inside test teardown</arg>
</arguments>
<msg timestamp="20200807 15:32:34.722" level="INFO">I am inside test teardown</msg>
<status status="PASS" starttime="20200807 15:32:34.722" endtime="20200807 15:32:34.722"></status>
</kw>
<tags>
<tag>Sanity</tag>
</tags>
<status status="PASS" starttime="20200807 15:32:34.714" endtime="20200807 15:32:34.722" critical="yes"></status>
</test>
<kw name="Log" library="BuiltIn" type="teardown">
<doc>Logs the given message with the given level.</doc>
<arguments>
<arg>I am inside test suite tear down</arg>
</arguments>
<msg timestamp="20200807 15:32:34.730" level="INFO">I am inside test suite tear down</msg>
<status status="PASS" starttime="20200807 15:32:34.722" endtime="20200807 15:32:34.730"></status>
</kw>
<status status="PASS" starttime="20200807 15:32:34.434" endtime="20200807 15:32:34.730"></status>
</suite>
<statistics>
<total>
<stat pass="2" fail="0">Critical Tests</stat>
<stat pass="2" fail="0">All Tests</stat>
</total>
<tag>
<stat pass="1" fail="0">Sanity</stat>
<stat pass="1" fail="0">Smoke</stat>
</tag>
<suite>
<stat pass="2" fail="0" id="s1" name="TestSuite1">TestSuite1</stat>
</suite>
</statistics>
<errors>
</errors>
</robot>
